#
# There is insufficient memory for the Java Runtime Environment to continue.
# Native memory allocation (malloc) failed to allocate 757456 bytes for Chunk::new
# Possible reasons:
#   The system is out of physical RAM or swap space
#   The process is running with CompressedOops enabled, and the Java Heap may be blocking the growth of the native heap
# Possible solutions:
#   Reduce memory load on the system
#   Increase physical memory or swap space
#   Check if swap backing store is full
#   Decrease Java heap size (-Xmx/-Xms)
#   Decrease number of Java threads
#   Decrease Java thread stack sizes (-Xss)
#   Set larger code cache with -XX:ReservedCodeCacheSize=
#   JVM is running with Zero Based Compressed Oops mode in which the Java heap is
#     placed in the first 32GB address space. The Java Heap base address is the
#     maximum limit for the native heap growth. Please use -XX:HeapBaseMinAddress
#     to set the Java Heap base and to place the Java Heap above 32GB virtual address.
# This output file may be truncated or incomplete.
#
#  Out of Memory Error (./src/hotspot/share/memory/arena.cpp:197), pid=25564, tid=26428
#
# JRE version: OpenJDK Runtime Environment Temurin-11.0.14.1+1 (11.0.14.1+1) (build 11.0.14.1+1)
# Java VM: OpenJDK 64-Bit Server VM Temurin-11.0.14.1+1 (11.0.14.1+1, mixed mode, tiered, compressed oops, g1 gc, windows-amd64)
# No core dump will be written. Minidumps are not enabled by default on client versions of Windows
#

---------------  S U M M A R Y ------------

Command Line: -Dfile.encoding=UTF-8 -Dcom.android.sdklib.toolsdir=C:\Program Files\Unity\Hub\Editor\2022.3.23f1\Editor\Data\PlaybackEngines\AndroidPlayer\SDK\cmdline-tools\6.0\bin\\.. com.android.sdklib.tool.sdkmanager.SdkManagerCli --list

Host: Intel(R) Core(TM) i7-3930K CPU @ 3.20GHz, 12 cores, 31G,  Windows 10 , 64 bit Build 19041 (10.0.19041.1706)
Time: Sat Apr 20 10:19:17 2024 RTZ 2 (зима) elapsed time: 1.618689 seconds (0d 0h 0m 1s)

---------------  T H R E A D  ---------------

Current thread (0x00000285b4a67000):  JavaThread "C2 CompilerThread0" daemon [_thread_in_native, id=26428, stack(0x000000bde8100000,0x000000bde8200000)]


Current CompileTask:
C2:   1618 2231       4       com.sun.org.apache.xerces.internal.impl.XMLEntityScanner::scanQName (578 bytes)

Stack: [0x000000bde8100000,0x000000bde8200000]
Native frames: (J=compiled Java code, j=interpreted, Vv=VM code, C=native code)
V  [jvm.dll+0x61e59a]
V  [jvm.dll+0x7aaca9]
V  [jvm.dll+0x7ac398]
V  [jvm.dll+0x7aca73]
V  [jvm.dll+0x24f9b8]
V  [jvm.dll+0xc260c]
V  [jvm.dll+0xc2bcc]
V  [jvm.dll+0x2c1884]
V  [jvm.dll+0x52d899]
V  [jvm.dll+0x210fcd]
V  [jvm.dll+0x20ac34]
V  [jvm.dll+0x207ccb]
V  [jvm.dll+0x18a2c1]
V  [jvm.dll+0x217734]
V  [jvm.dll+0x21597b]
V  [jvm.dll+0x76d7c0]
V  [jvm.dll+0x766724]
V  [jvm.dll+0x61d3f6]
C  [ucrtbase.dll+0x21bb2]
C  [KERNEL32.DLL+0x17034]
C  [ntdll.dll+0x52651]


---------------  P R O C E S S  ---------------

Threads class SMR info:
_java_thread_list=0x00000285b54bf910, length=12, elements={
0x00000285847a6000, 0x00000285b49f2000, 0x00000285b49fb800, 0x00000285b4a53000,
0x00000285b4a56000, 0x00000285b4a58000, 0x00000285b4a67000, 0x00000285b4a6b800,
0x00000285b4a6e800, 0x00000285b4bd3800, 0x00000285b4e64000, 0x00000285b5c12000
}

Java Threads: ( => current thread )
  0x00000285847a6000 JavaThread "main" [_thread_in_Java, id=25440, stack(0x000000bde7500000,0x000000bde7600000)]
  0x00000285b49f2000 JavaThread "Reference Handler" daemon [_thread_blocked, id=25856, stack(0x000000bde7c00000,0x000000bde7d00000)]
  0x00000285b49fb800 JavaThread "Finalizer" daemon [_thread_blocked, id=24752, stack(0x000000bde7d00000,0x000000bde7e00000)]
  0x00000285b4a53000 JavaThread "Signal Dispatcher" daemon [_thread_blocked, id=26400, stack(0x000000bde7e00000,0x000000bde7f00000)]
  0x00000285b4a56000 JavaThread "Attach Listener" daemon [_thread_blocked, id=25224, stack(0x000000bde7f00000,0x000000bde8000000)]
  0x00000285b4a58000 JavaThread "Service Thread" daemon [_thread_blocked, id=6480, stack(0x000000bde8000000,0x000000bde8100000)]
=>0x00000285b4a67000 JavaThread "C2 CompilerThread0" daemon [_thread_in_native, id=26428, stack(0x000000bde8100000,0x000000bde8200000)]
  0x00000285b4a6b800 JavaThread "C1 CompilerThread0" daemon [_thread_blocked, id=7588, stack(0x000000bde8200000,0x000000bde8300000)]
  0x00000285b4a6e800 JavaThread "Sweeper thread" daemon [_thread_blocked, id=25508, stack(0x000000bde8300000,0x000000bde8400000)]
  0x00000285b4bd3800 JavaThread "Common-Cleaner" daemon [_thread_blocked, id=9488, stack(0x000000bde8500000,0x000000bde8600000)]
  0x00000285b4e64000 JavaThread "C2 CompilerThread1" daemon [_thread_in_native, id=13044, stack(0x000000bde8600000,0x000000bde8700000)]
  0x00000285b5c12000 JavaThread "C2 CompilerThread2" daemon [_thread_in_native, id=24920, stack(0x000000bde9000000,0x000000bde9100000)]

Other Threads:
  0x00000285b49d0000 VMThread "VM Thread" [stack: 0x000000bde7b00000,0x000000bde7c00000] [id=18452]
  0x00000285b4bcb000 WatcherThread [stack: 0x000000bde8400000,0x000000bde8500000] [id=26176]
  0x00000285847bd000 GCTaskThread "GC Thread#0" [stack: 0x000000bde7600000,0x000000bde7700000] [id=24916]
  0x00000285b5475000 GCTaskThread "GC Thread#1" [stack: 0x000000bde8700000,0x000000bde8800000] [id=22820]
  0x00000285b55a4800 GCTaskThread "GC Thread#2" [stack: 0x000000bde8800000,0x000000bde8900000] [id=23016]
  0x00000285b5aca000 GCTaskThread "GC Thread#3" [stack: 0x000000bde8900000,0x000000bde8a00000] [id=26168]
  0x00000285b5aca800 GCTaskThread "GC Thread#4" [stack: 0x000000bde8a00000,0x000000bde8b00000] [id=21548]
  0x00000285b5031800 GCTaskThread "GC Thread#5" [stack: 0x000000bde8b00000,0x000000bde8c00000] [id=25584]
  0x00000285b5343000 GCTaskThread "GC Thread#6" [stack: 0x000000bde8c00000,0x000000bde8d00000] [id=25376]
  0x00000285b5343800 GCTaskThread "GC Thread#7" [stack: 0x000000bde8d00000,0x000000bde8e00000] [id=15844]
  0x00000285b5359800 GCTaskThread "GC Thread#8" [stack: 0x000000bde8e00000,0x000000bde8f00000] [id=10512]
  0x00000285b535a000 GCTaskThread "GC Thread#9" [stack: 0x000000bde8f00000,0x000000bde9000000] [id=25652]
  0x000002858483e800 ConcurrentGCThread "G1 Main Marker" [stack: 0x000000bde7700000,0x000000bde7800000] [id=26404]
  0x0000028584844000 ConcurrentGCThread "G1 Conc#0" [stack: 0x000000bde7800000,0x000000bde7900000] [id=10112]
  0x00000285b4033800 ConcurrentGCThread "G1 Refine#0" [stack: 0x000000bde7900000,0x000000bde7a00000] [id=25028]
  0x00000285b4035000 ConcurrentGCThread "G1 Young RemSet Sampling" [stack: 0x000000bde7a00000,0x000000bde7b00000] [id=25936]

Threads with active compile tasks:
C2 CompilerThread0   1635 2231       4       com.sun.org.apache.xerces.internal.impl.XMLEntityScanner::scanQName (578 bytes)
C2 CompilerThread1   1635 2297       4       java.util.regex.Pattern::compile (498 bytes)
C2 CompilerThread2   1635 2118   !   4       com.sun.org.apache.xerces.internal.impl.XMLDocumentFragmentScannerImpl$FragmentContentDriver::next (2329 bytes)

VM state:not at safepoint (normal execution)

VM Mutex/Monitor currently owned by a thread: None

Heap address: 0x0000000600e00000, size: 8178 MB, Compressed Oops mode: Zero based, Oop shift amount: 3
Narrow klass base: 0x0000000800000000, Narrow klass shift: 0
Compressed class space size: 1073741824 Address: 0x0000000800000000

Heap:
 garbage-first heap   total 524288K, used 66674K [0x0000000600e00000, 0x0000000800000000)
  region size 2048K, 34 young (69632K), 2 survivors (4096K)
 Metaspace       used 18659K, capacity 19056K, committed 19072K, reserved 1067008K
  class space    used 1828K, capacity 1920K, committed 1920K, reserved 1048576K
Heap Regions: E=young(eden), S=young(survivor), O=old, HS=humongous(starts), HC=humongous(continues), CS=collection set, F=free, A=archive, TAMS=top-at-mark-start (previous, next)
|   0|0x0000000600e00000, 0x0000000600e00000, 0x0000000601000000|  0%| F|  |TAMS 0x0000000600e00000, 0x0000000600e00000| Untracked 
|   1|0x0000000601000000, 0x0000000601000000, 0x0000000601200000|  0%| F|  |TAMS 0x0000000601000000, 0x0000000601000000| Untracked 
|   2|0x0000000601200000, 0x0000000601200000, 0x0000000601400000|  0%| F|  |TAMS 0x0000000601200000, 0x0000000601200000| Untracked 
|   3|0x0000000601400000, 0x0000000601400000, 0x0000000601600000|  0%| F|  |TAMS 0x0000000601400000, 0x0000000601400000| Untracked 
|   4|0x0000000601600000, 0x0000000601600000, 0x0000000601800000|  0%| F|  |TAMS 0x0000000601600000, 0x0000000601600000| Untracked 
|   5|0x0000000601800000, 0x0000000601800000, 0x0000000601a00000|  0%| F|  |TAMS 0x0000000601800000, 0x0000000601800000| Untracked 
|   6|0x0000000601a00000, 0x0000000601a00000, 0x0000000601c00000|  0%| F|  |TAMS 0x0000000601a00000, 0x0000000601a00000| Untracked 
|   7|0x0000000601c00000, 0x0000000601c00000, 0x0000000601e00000|  0%| F|  |TAMS 0x0000000601c00000, 0x0000000601c00000| Untracked 
|   8|0x0000000601e00000, 0x0000000601e00000, 0x0000000602000000|  0%| F|  |TAMS 0x0000000601e00000, 0x0000000601e00000| Untracked 
|   9|0x0000000602000000, 0x0000000602000000, 0x0000000602200000|  0%| F|  |TAMS 0x0000000602000000, 0x0000000602000000| Untracked 
|  10|0x0000000602200000, 0x0000000602200000, 0x0000000602400000|  0%| F|  |TAMS 0x0000000602200000, 0x0000000602200000| Untracked 
|  11|0x0000000602400000, 0x0000000602400000, 0x0000000602600000|  0%| F|  |TAMS 0x0000000602400000, 0x0000000602400000| Untracked 
|  12|0x0000000602600000, 0x0000000602600000, 0x0000000602800000|  0%| F|  |TAMS 0x0000000602600000, 0x0000000602600000| Untracked 
|  13|0x0000000602800000, 0x0000000602800000, 0x0000000602a00000|  0%| F|  |TAMS 0x0000000602800000, 0x0000000602800000| Untracked 
|  14|0x0000000602a00000, 0x0000000602a00000, 0x0000000602c00000|  0%| F|  |TAMS 0x0000000602a00000, 0x0000000602a00000| Untracked 
|  15|0x0000000602c00000, 0x0000000602c00000, 0x0000000602e00000|  0%| F|  |TAMS 0x0000000602c00000, 0x0000000602c00000| Untracked 
|  16|0x0000000602e00000, 0x0000000602e00000, 0x0000000603000000|  0%| F|  |TAMS 0x0000000602e00000, 0x0000000602e00000| Untracked 
|  17|0x0000000603000000, 0x0000000603000000, 0x0000000603200000|  0%| F|  |TAMS 0x0000000603000000, 0x0000000603000000| Untracked 
|  18|0x0000000603200000, 0x0000000603200000, 0x0000000603400000|  0%| F|  |TAMS 0x0000000603200000, 0x0000000603200000| Untracked 
|  19|0x0000000603400000, 0x0000000603400000, 0x0000000603600000|  0%| F|  |TAMS 0x0000000603400000, 0x0000000603400000| Untracked 
|  20|0x0000000603600000, 0x0000000603600000, 0x0000000603800000|  0%| F|  |TAMS 0x0000000603600000, 0x0000000603600000| Untracked 
|  21|0x0000000603800000, 0x0000000603800000, 0x0000000603a00000|  0%| F|  |TAMS 0x0000000603800000, 0x0000000603800000| Untracked 
|  22|0x0000000603a00000, 0x0000000603a00000, 0x0000000603c00000|  0%| F|  |TAMS 0x0000000603a00000, 0x0000000603a00000| Untracked 
|  23|0x0000000603c00000, 0x0000000603c00000, 0x0000000603e00000|  0%| F|  |TAMS 0x0000000603c00000, 0x0000000603c00000| Untracked 
|  24|0x0000000603e00000, 0x0000000603e00000, 0x0000000604000000|  0%| F|  |TAMS 0x0000000603e00000, 0x0000000603e00000| Untracked 
|  25|0x0000000604000000, 0x0000000604000000, 0x0000000604200000|  0%| F|  |TAMS 0x0000000604000000, 0x0000000604000000| Untracked 
|  26|0x0000000604200000, 0x0000000604200000, 0x0000000604400000|  0%| F|  |TAMS 0x0000000604200000, 0x0000000604200000| Untracked 
|  27|0x0000000604400000, 0x0000000604400000, 0x0000000604600000|  0%| F|  |TAMS 0x0000000604400000, 0x0000000604400000| Untracked 
|  28|0x0000000604600000, 0x0000000604600000, 0x0000000604800000|  0%| F|  |TAMS 0x0000000604600000, 0x0000000604600000| Untracked 
|  29|0x0000000604800000, 0x0000000604800000, 0x0000000604a00000|  0%| F|  |TAMS 0x0000000604800000, 0x0000000604800000| Untracked 
|  30|0x0000000604a00000, 0x0000000604a00000, 0x0000000604c00000|  0%| F|  |TAMS 0x0000000604a00000, 0x0000000604a00000| Untracked 
|  31|0x0000000604c00000, 0x0000000604c00000, 0x0000000604e00000|  0%| F|  |TAMS 0x0000000604c00000, 0x0000000604c00000| Untracked 
|  32|0x0000000604e00000, 0x0000000604e00000, 0x0000000605000000|  0%| F|  |TAMS 0x0000000604e00000, 0x0000000604e00000| Untracked 
|  33|0x0000000605000000, 0x0000000605000000, 0x0000000605200000|  0%| F|  |TAMS 0x0000000605000000, 0x0000000605000000| Untracked 
|  34|0x0000000605200000, 0x0000000605200000, 0x0000000605400000|  0%| F|  |TAMS 0x0000000605200000, 0x0000000605200000| Untracked 
|  35|0x0000000605400000, 0x0000000605400000, 0x0000000605600000|  0%| F|  |TAMS 0x0000000605400000, 0x0000000605400000| Untracked 
|  36|0x0000000605600000, 0x0000000605600000, 0x0000000605800000|  0%| F|  |TAMS 0x0000000605600000, 0x0000000605600000| Untracked 
|  37|0x0000000605800000, 0x0000000605800000, 0x0000000605a00000|  0%| F|  |TAMS 0x0000000605800000, 0x0000000605800000| Untracked 
|  38|0x0000000605a00000, 0x0000000605a00000, 0x0000000605c00000|  0%| F|  |TAMS 0x0000000605a00000, 0x0000000605a00000| Untracked 
|  39|0x0000000605c00000, 0x0000000605c00000, 0x0000000605e00000|  0%| F|  |TAMS 0x0000000605c00000, 0x0000000605c00000| Untracked 
|  40|0x0000000605e00000, 0x0000000605e00000, 0x0000000606000000|  0%| F|  |TAMS 0x0000000605e00000, 0x0000000605e00000| Untracked 
|  41|0x0000000606000000, 0x0000000606000000, 0x0000000606200000|  0%| F|  |TAMS 0x0000000606000000, 0x0000000606000000| Untracked 
|  42|0x0000000606200000, 0x0000000606200000, 0x0000000606400000|  0%| F|  |TAMS 0x0000000606200000, 0x0000000606200000| Untracked 
|  43|0x0000000606400000, 0x0000000606400000, 0x0000000606600000|  0%| F|  |TAMS 0x0000000606400000, 0x0000000606400000| Untracked 
|  44|0x0000000606600000, 0x0000000606600000, 0x0000000606800000|  0%| F|  |TAMS 0x0000000606600000, 0x0000000606600000| Untracked 
|  45|0x0000000606800000, 0x0000000606800000, 0x0000000606a00000|  0%| F|  |TAMS 0x0000000606800000, 0x0000000606800000| Untracked 
|  46|0x0000000606a00000, 0x0000000606a00000, 0x0000000606c00000|  0%| F|  |TAMS 0x0000000606a00000, 0x0000000606a00000| Untracked 
|  47|0x0000000606c00000, 0x0000000606c00000, 0x0000000606e00000|  0%| F|  |TAMS 0x0000000606c00000, 0x0000000606c00000| Untracked 
|  48|0x0000000606e00000, 0x0000000606e00000, 0x0000000607000000|  0%| F|  |TAMS 0x0000000606e00000, 0x0000000606e00000| Untracked 
|  49|0x0000000607000000, 0x0000000607000000, 0x0000000607200000|  0%| F|  |TAMS 0x0000000607000000, 0x0000000607000000| Untracked 
|  50|0x0000000607200000, 0x0000000607200000, 0x0000000607400000|  0%| F|  |TAMS 0x0000000607200000, 0x0000000607200000| Untracked 
|  51|0x0000000607400000, 0x0000000607400000, 0x0000000607600000|  0%| F|  |TAMS 0x0000000607400000, 0x0000000607400000| Untracked 
|  52|0x0000000607600000, 0x0000000607600000, 0x0000000607800000|  0%| F|  |TAMS 0x0000000607600000, 0x0000000607600000| Untracked 
|  53|0x0000000607800000, 0x0000000607800000, 0x0000000607a00000|  0%| F|  |TAMS 0x0000000607800000, 0x0000000607800000| Untracked 
|  54|0x0000000607a00000, 0x0000000607a00000, 0x0000000607c00000|  0%| F|  |TAMS 0x0000000607a00000, 0x0000000607a00000| Untracked 
|  55|0x0000000607c00000, 0x0000000607c00000, 0x0000000607e00000|  0%| F|  |TAMS 0x0000000607c00000, 0x0000000607c00000| Untracked 
|  56|0x0000000607e00000, 0x0000000607e00000, 0x0000000608000000|  0%| F|  |TAMS 0x0000000607e00000, 0x0000000607e00000| Untracked 
|  57|0x0000000608000000, 0x0000000608000000, 0x0000000608200000|  0%| F|  |TAMS 0x0000000608000000, 0x0000000608000000| Untracked 
|  58|0x0000000608200000, 0x0000000608200000, 0x0000000608400000|  0%| F|  |TAMS 0x0000000608200000, 0x0000000608200000| Untracked 
|  59|0x0000000608400000, 0x0000000608400000, 0x0000000608600000|  0%| F|  |TAMS 0x0000000608400000, 0x0000000608400000| Untracked 
|  60|0x0000000608600000, 0x0000000608600000, 0x0000000608800000|  0%| F|  |TAMS 0x0000000608600000, 0x0000000608600000| Untracked 
|  61|0x0000000608800000, 0x0000000608800000, 0x0000000608a00000|  0%| F|  |TAMS 0x0000000608800000, 0x0000000608800000| Untracked 
|  62|0x0000000608a00000, 0x0000000608a00000, 0x0000000608c00000|  0%| F|  |TAMS 0x0000000608a00000, 0x0000000608a00000| Untracked 
|  63|0x0000000608c00000, 0x0000000608c00000, 0x0000000608e00000|  0%| F|  |TAMS 0x0000000608c00000, 0x0000000608c00000| Untracked 
|  64|0x0000000608e00000, 0x0000000608e00000, 0x0000000609000000|  0%| F|  |TAMS 0x0000000608e00000, 0x0000000608e00000| Untracked 
|  65|0x0000000609000000, 0x0000000609000000, 0x0000000609200000|  0%| F|  |TAMS 0x0000000609000000, 0x0000000609000000| Untracked 
|  66|0x0000000609200000, 0x0000000609200000, 0x0000000609400000|  0%| F|  |TAMS 0x0000000609200000, 0x0000000609200000| Untracked 
|  67|0x0000000609400000, 0x0000000609400000, 0x0000000609600000|  0%| F|  |TAMS 0x0000000609400000, 0x0000000609400000| Untracked 
|  68|0x0000000609600000, 0x0000000609600000, 0x0000000609800000|  0%| F|  |TAMS 0x0000000609600000, 0x0000000609600000| Untracked 
|  69|0x0000000609800000, 0x0000000609800000, 0x0000000609a00000|  0%| F|  |TAMS 0x0000000609800000, 0x0000000609800000| Untracked 
|  70|0x0000000609a00000, 0x0000000609a00000, 0x0000000609c00000|  0%| F|  |TAMS 0x0000000609a00000, 0x0000000609a00000| Untracked 
|  71|0x0000000609c00000, 0x0000000609c00000, 0x0000000609e00000|  0%| F|  |TAMS 0x0000000609c00000, 0x0000000609c00000| Untracked 
|  72|0x0000000609e00000, 0x0000000609e00000, 0x000000060a000000|  0%| F|  |TAMS 0x0000000609e00000, 0x0000000609e00000| Untracked 
|  73|0x000000060a000000, 0x000000060a000000, 0x000000060a200000|  0%| F|  |TAMS 0x000000060a000000, 0x000000060a000000| Untracked 
|  74|0x000000060a200000, 0x000000060a200000, 0x000000060a400000|  0%| F|  |TAMS 0x000000060a200000, 0x000000060a200000| Untracked 
|  75|0x000000060a400000, 0x000000060a400000, 0x000000060a600000|  0%| F|  |TAMS 0x000000060a400000, 0x000000060a400000| Untracked 
|  76|0x000000060a600000, 0x000000060a600000, 0x000000060a800000|  0%| F|  |TAMS 0x000000060a600000, 0x000000060a600000| Untracked 
|  77|0x000000060a800000, 0x000000060a800000, 0x000000060aa00000|  0%| F|  |TAMS 0x000000060a800000, 0x000000060a800000| Untracked 
|  78|0x000000060aa00000, 0x000000060aa00000, 0x000000060ac00000|  0%| F|  |TAMS 0x000000060aa00000, 0x000000060aa00000| Untracked 
|  79|0x000000060ac00000, 0x000000060ac00000, 0x000000060ae00000|  0%| F|  |TAMS 0x000000060ac00000, 0x000000060ac00000| Untracked 
|  80|0x000000060ae00000, 0x000000060ae00000, 0x000000060b000000|  0%| F|  |TAMS 0x000000060ae00000, 0x000000060ae00000| Untracked 
|  81|0x000000060b000000, 0x000000060b000000, 0x000000060b200000|  0%| F|  |TAMS 0x000000060b000000, 0x000000060b000000| Untracked 
|  82|0x000000060b200000, 0x000000060b200000, 0x000000060b400000|  0%| F|  |TAMS 0x000000060b200000, 0x000000060b200000| Untracked 
|  83|0x000000060b400000, 0x000000060b400000, 0x000000060b600000|  0%| F|  |TAMS 0x000000060b400000, 0x000000060b400000| Untracked 
|  84|0x000000060b600000, 0x000000060b600000, 0x000000060b800000|  0%| F|  |TAMS 0x000000060b600000, 0x000000060b600000| Untracked 
|  85|0x000000060b800000, 0x000000060b800000, 0x000000060ba00000|  0%| F|  |TAMS 0x000000060b800000, 0x000000060b800000| Untracked 
|  86|0x000000060ba00000, 0x000000060ba00000, 0x000000060bc00000|  0%| F|  |TAMS 0x000000060ba00000, 0x000000060ba00000| Untracked 
|  87|0x000000060bc00000, 0x000000060bc00000, 0x000000060be00000|  0%| F|  |TAMS 0x000000060bc00000, 0x000000060bc00000| Untracked 
|  88|0x000000060be00000, 0x000000060be00000, 0x000000060c000000|  0%| F|  |TAMS 0x000000060be00000, 0x000000060be00000| Untracked 
|  89|0x000000060c000000, 0x000000060c000000, 0x000000060c200000|  0%| F|  |TAMS 0x000000060c000000, 0x000000060c000000| Untracked 
|  90|0x000000060c200000, 0x000000060c200000, 0x000000060c400000|  0%| F|  |TAMS 0x000000060c200000, 0x000000060c200000| Untracked 
|  91|0x000000060c400000, 0x000000060c400000, 0x000000060c600000|  0%| F|  |TAMS 0x000000060c400000, 0x000000060c400000| Untracked 
|  92|0x000000060c600000, 0x000000060c600000, 0x000000060c800000|  0%| F|  |TAMS 0x000000060c600000, 0x000000060c600000| Untracked 
|  93|0x000000060c800000, 0x000000060c800000, 0x000000060ca00000|  0%| F|  |TAMS 0x000000060c800000, 0x000000060c800000| Untracked 
|  94|0x000000060ca00000, 0x000000060ca00000, 0x000000060cc00000|  0%| F|  |TAMS 0x000000060ca00000, 0x000000060ca00000| Untracked 
|  95|0x000000060cc00000, 0x000000060cc00000, 0x000000060ce00000|  0%| F|  |TAMS 0x000000060cc00000, 0x000000060cc00000| Untracked 
|  96|0x000000060ce00000, 0x000000060ce00000, 0x000000060d000000|  0%| F|  |TAMS 0x000000060ce00000, 0x000000060ce00000| Untracked 
|  97|0x000000060d000000, 0x000000060d000000, 0x000000060d200000|  0%| F|  |TAMS 0x000000060d000000, 0x000000060d000000| Untracked 
|  98|0x000000060d200000, 0x000000060d200000, 0x000000060d400000|  0%| F|  |TAMS 0x000000060d200000, 0x000000060d200000| Untracked 
|  99|0x000000060d400000, 0x000000060d400000, 0x000000060d600000|  0%| F|  |TAMS 0x000000060d400000, 0x000000060d400000| Untracked 
| 100|0x000000060d600000, 0x000000060d600000, 0x000000060d800000|  0%| F|  |TAMS 0x000000060d600000, 0x000000060d600000| Untracked 
| 101|0x000000060d800000, 0x000000060d800000, 0x000000060da00000|  0%| F|  |TAMS 0x000000060d800000, 0x000000060d800000| Untracked 
| 102|0x000000060da00000, 0x000000060da00000, 0x000000060dc00000|  0%| F|  |TAMS 0x000000060da00000, 0x000000060da00000| Untracked 
| 103|0x000000060dc00000, 0x000000060dc00000, 0x000000060de00000|  0%| F|  |TAMS 0x000000060dc00000, 0x000000060dc00000| Untracked 
| 104|0x000000060de00000, 0x000000060de00000, 0x000000060e000000|  0%| F|  |TAMS 0x000000060de00000, 0x000000060de00000| Untracked 
| 105|0x000000060e000000, 0x000000060e000000, 0x000000060e200000|  0%| F|  |TAMS 0x000000060e000000, 0x000000060e000000| Untracked 
| 106|0x000000060e200000, 0x000000060e200000, 0x000000060e400000|  0%| F|  |TAMS 0x000000060e200000, 0x000000060e200000| Untracked 
| 107|0x000000060e400000, 0x000000060e400000, 0x000000060e600000|  0%| F|  |TAMS 0x000000060e400000, 0x000000060e400000| Untracked 
| 108|0x000000060e600000, 0x000000060e600000, 0x000000060e800000|  0%| F|  |TAMS 0x000000060e600000, 0x000000060e600000| Untracked 
| 109|0x000000060e800000, 0x000000060e800000, 0x000000060ea00000|  0%| F|  |TAMS 0x000000060e800000, 0x000000060e800000| Untracked 
| 110|0x000000060ea00000, 0x000000060ea00000, 0x000000060ec00000|  0%| F|  |TAMS 0x000000060ea00000, 0x000000060ea00000| Untracked 
| 111|0x000000060ec00000, 0x000000060ec00000, 0x000000060ee00000|  0%| F|  |TAMS 0x000000060ec00000, 0x000000060ec00000| Untracked 
| 112|0x000000060ee00000, 0x000000060ee00000, 0x000000060f000000|  0%| F|  |TAMS 0x000000060ee00000, 0x000000060ee00000| Untracked 
| 113|0x000000060f000000, 0x000000060f000000, 0x000000060f200000|  0%| F|  |TAMS 0x000000060f000000, 0x000000060f000000| Untracked 
| 114|0x000000060f200000, 0x000000060f200000, 0x000000060f400000|  0%| F|  |TAMS 0x000000060f200000, 0x000000060f200000| Untracked 
| 115|0x000000060f400000, 0x000000060f400000, 0x000000060f600000|  0%| F|  |TAMS 0x000000060f400000, 0x000000060f400000| Untracked 
| 116|0x000000060f600000, 0x000000060f600000, 0x000000060f800000|  0%| F|  |TAMS 0x000000060f600000, 0x000000060f600000| Untracked 
| 117|0x000000060f800000, 0x000000060f800000, 0x000000060fa00000|  0%| F|  |TAMS 0x000000060f800000, 0x000000060f800000| Untracked 
| 118|0x000000060fa00000, 0x000000060fa00000, 0x000000060fc00000|  0%| F|  |TAMS 0x000000060fa00000, 0x000000060fa00000| Untracked 
| 119|0x000000060fc00000, 0x000000060fc00000, 0x000000060fe00000|  0%| F|  |TAMS 0x000000060fc00000, 0x000000060fc00000| Untracked 
| 120|0x000000060fe00000, 0x000000060fe00000, 0x0000000610000000|  0%| F|  |TAMS 0x000000060fe00000, 0x000000060fe00000| Untracked 
| 121|0x0000000610000000, 0x0000000610000000, 0x0000000610200000|  0%| F|  |TAMS 0x0000000610000000, 0x0000000610000000| Untracked 
| 122|0x0000000610200000, 0x0000000610200000, 0x0000000610400000|  0%| F|  |TAMS 0x0000000610200000, 0x0000000610200000| Untracked 
| 123|0x0000000610400000, 0x0000000610400000, 0x0000000610600000|  0%| F|  |TAMS 0x0000000610400000, 0x0000000610400000| Untracked 
| 124|0x0000000610600000, 0x0000000610600000, 0x0000000610800000|  0%| F|  |TAMS 0x0000000610600000, 0x0000000610600000| Untracked 
| 125|0x0000000610800000, 0x0000000610800000, 0x0000000610a00000|  0%| F|  |TAMS 0x0000000610800000, 0x0000000610800000| Untracked 
| 126|0x0000000610a00000, 0x0000000610a00000, 0x0000000610c00000|  0%| F|  |TAMS 0x0000000610a00000, 0x0000000610a00000| Untracked 
| 127|0x0000000610c00000, 0x0000000610c00000, 0x0000000610e00000|  0%| F|  |TAMS 0x0000000610c00000, 0x0000000610c00000| Untracked 
| 128|0x0000000610e00000, 0x0000000610e00000, 0x0000000611000000|  0%| F|  |TAMS 0x0000000610e00000, 0x0000000610e00000| Untracked 
| 129|0x0000000611000000, 0x0000000611000000, 0x0000000611200000|  0%| F|  |TAMS 0x0000000611000000, 0x0000000611000000| Untracked 
| 130|0x0000000611200000, 0x0000000611200000, 0x0000000611400000|  0%| F|  |TAMS 0x0000000611200000, 0x0000000611200000| Untracked 
| 131|0x0000000611400000, 0x0000000611400000, 0x0000000611600000|  0%| F|  |TAMS 0x0000000611400000, 0x0000000611400000| Untracked 
| 132|0x0000000611600000, 0x0000000611600000, 0x0000000611800000|  0%| F|  |TAMS 0x0000000611600000, 0x0000000611600000| Untracked 
| 133|0x0000000611800000, 0x0000000611800000, 0x0000000611a00000|  0%| F|  |TAMS 0x0000000611800000, 0x0000000611800000| Untracked 
| 134|0x0000000611a00000, 0x0000000611a00000, 0x0000000611c00000|  0%| F|  |TAMS 0x0000000611a00000, 0x0000000611a00000| Untracked 
| 135|0x0000000611c00000, 0x0000000611c00000, 0x0000000611e00000|  0%| F|  |TAMS 0x0000000611c00000, 0x0000000611c00000| Untracked 
| 136|0x0000000611e00000, 0x0000000611e00000, 0x0000000612000000|  0%| F|  |TAMS 0x0000000611e00000, 0x0000000611e00000| Untracked 
| 137|0x0000000612000000, 0x0000000612000000, 0x0000000612200000|  0%| F|  |TAMS 0x0000000612000000, 0x0000000612000000| Untracked 
| 138|0x0000000612200000, 0x0000000612200000, 0x0000000612400000|  0%| F|  |TAMS 0x0000000612200000, 0x0000000612200000| Untracked 
| 139|0x0000000612400000, 0x0000000612400000, 0x0000000612600000|  0%| F|  |TAMS 0x0000000612400000, 0x0000000612400000| Untracked 
| 140|0x0000000612600000, 0x0000000612600000, 0x0000000612800000|  0%| F|  |TAMS 0x0000000612600000, 0x0000000612600000| Untracked 
| 141|0x0000000612800000, 0x0000000612800000, 0x0000000612a00000|  0%| F|  |TAMS 0x0000000612800000, 0x0000000612800000| Untracked 
| 142|0x0000000612a00000, 0x0000000612a00000, 0x0000000612c00000|  0%| F|  |TAMS 0x0000000612a00000, 0x0000000612a00000| Untracked 
| 143|0x0000000612c00000, 0x0000000612c00000, 0x0000000612e00000|  0%| F|  |TAMS 0x0000000612c00000, 0x0000000612c00000| Untracked 
| 144|0x0000000612e00000, 0x0000000612e00000, 0x0000000613000000|  0%| F|  |TAMS 0x0000000612e00000, 0x0000000612e00000| Untracked 
| 145|0x0000000613000000, 0x0000000613000000, 0x0000000613200000|  0%| F|  |TAMS 0x0000000613000000, 0x0000000613000000| Untracked 
| 146|0x0000000613200000, 0x0000000613200000, 0x0000000613400000|  0%| F|  |TAMS 0x0000000613200000, 0x0000000613200000| Untracked 
| 147|0x0000000613400000, 0x0000000613400000, 0x0000000613600000|  0%| F|  |TAMS 0x0000000613400000, 0x0000000613400000| Untracked 
| 148|0x0000000613600000, 0x0000000613600000, 0x0000000613800000|  0%| F|  |TAMS 0x0000000613600000, 0x0000000613600000| Untracked 
| 149|0x0000000613800000, 0x0000000613800000, 0x0000000613a00000|  0%| F|  |TAMS 0x0000000613800000, 0x0000000613800000| Untracked 
| 150|0x0000000613a00000, 0x0000000613a00000, 0x0000000613c00000|  0%| F|  |TAMS 0x0000000613a00000, 0x0000000613a00000| Untracked 
| 151|0x0000000613c00000, 0x0000000613c00000, 0x0000000613e00000|  0%| F|  |TAMS 0x0000000613c00000, 0x0000000613c00000| Untracked 
| 152|0x0000000613e00000, 0x0000000613e00000, 0x0000000614000000|  0%| F|  |TAMS 0x0000000613e00000, 0x0000000613e00000| Untracked 
| 153|0x0000000614000000, 0x0000000614000000, 0x0000000614200000|  0%| F|  |TAMS 0x0000000614000000, 0x0000000614000000| Untracked 
| 154|0x0000000614200000, 0x0000000614200000, 0x0000000614400000|  0%| F|  |TAMS 0x0000000614200000, 0x0000000614200000| Untracked 
| 155|0x0000000614400000, 0x0000000614400000, 0x0000000614600000|  0%| F|  |TAMS 0x0000000614400000, 0x0000000614400000| Untracked 
| 156|0x0000000614600000, 0x0000000614600000, 0x0000000614800000|  0%| F|  |TAMS 0x0000000614600000, 0x0000000614600000| Untracked 
| 157|0x0000000614800000, 0x0000000614800000, 0x0000000614a00000|  0%| F|  |TAMS 0x0000000614800000, 0x0000000614800000| Untracked 
| 158|0x0000000614a00000, 0x0000000614a00000, 0x0000000614c00000|  0%| F|  |TAMS 0x0000000614a00000, 0x0000000614a00000| Untracked 
| 159|0x0000000614c00000, 0x0000000614c00000, 0x0000000614e00000|  0%| F|  |TAMS 0x0000000614c00000, 0x0000000614c00000| Untracked 
| 160|0x0000000614e00000, 0x0000000614e00000, 0x0000000615000000|  0%| F|  |TAMS 0x0000000614e00000, 0x0000000614e00000| Untracked 
| 161|0x0000000615000000, 0x0000000615000000, 0x0000000615200000|  0%| F|  |TAMS 0x0000000615000000, 0x0000000615000000| Untracked 
| 162|0x0000000615200000, 0x0000000615200000, 0x0000000615400000|  0%| F|  |TAMS 0x0000000615200000, 0x0000000615200000| Untracked 
| 163|0x0000000615400000, 0x0000000615400000, 0x0000000615600000|  0%| F|  |TAMS 0x0000000615400000, 0x0000000615400000| Untracked 
| 164|0x0000000615600000, 0x0000000615600000, 0x0000000615800000|  0%| F|  |TAMS 0x0000000615600000, 0x0000000615600000| Untracked 
| 165|0x0000000615800000, 0x0000000615800000, 0x0000000615a00000|  0%| F|  |TAMS 0x0000000615800000, 0x0000000615800000| Untracked 
| 166|0x0000000615a00000, 0x0000000615a00000, 0x0000000615c00000|  0%| F|  |TAMS 0x0000000615a00000, 0x0000000615a00000| Untracked 
| 167|0x0000000615c00000, 0x0000000615c00000, 0x0000000615e00000|  0%| F|  |TAMS 0x0000000615c00000, 0x0000000615c00000| Untracked 
| 168|0x0000000615e00000, 0x0000000615e00000, 0x0000000616000000|  0%| F|  |TAMS 0x0000000615e00000, 0x0000000615e00000| Untracked 
| 169|0x0000000616000000, 0x0000000616000000, 0x0000000616200000|  0%| F|  |TAMS 0x0000000616000000, 0x0000000616000000| Untracked 
| 170|0x0000000616200000, 0x0000000616200000, 0x0000000616400000|  0%| F|  |TAMS 0x0000000616200000, 0x0000000616200000| Untracked 
| 171|0x0000000616400000, 0x0000000616400000, 0x0000000616600000|  0%| F|  |TAMS 0x0000000616400000, 0x0000000616400000| Untracked 
| 172|0x0000000616600000, 0x0000000616600000, 0x0000000616800000|  0%| F|  |TAMS 0x0000000616600000, 0x0000000616600000| Untracked 
| 173|0x0000000616800000, 0x0000000616800000, 0x0000000616a00000|  0%| F|  |TAMS 0x0000000616800000, 0x0000000616800000| Untracked 
| 174|0x0000000616a00000, 0x0000000616a00000, 0x0000000616c00000|  0%| F|  |TAMS 0x0000000616a00000, 0x0000000616a00000| Untracked 
| 175|0x0000000616c00000, 0x0000000616c00000, 0x0000000616e00000|  0%| F|  |TAMS 0x0000000616c00000, 0x0000000616c00000| Untracked 
| 176|0x0000000616e00000, 0x0000000616e00000, 0x0000000617000000|  0%| F|  |TAMS 0x0000000616e00000, 0x0000000616e00000| Untracked 
| 177|0x0000000617000000, 0x0000000617000000, 0x0000000617200000|  0%| F|  |TAMS 0x0000000617000000, 0x0000000617000000| Untracked 
| 178|0x0000000617200000, 0x0000000617200000, 0x0000000617400000|  0%| F|  |TAMS 0x0000000617200000, 0x0000000617200000| Untracked 
| 179|0x0000000617400000, 0x0000000617400000, 0x0000000617600000|  0%| F|  |TAMS 0x0000000617400000, 0x0000000617400000| Untracked 
| 180|0x0000000617600000, 0x0000000617600000, 0x0000000617800000|  0%| F|  |TAMS 0x0000000617600000, 0x0000000617600000| Untracked 
| 181|0x0000000617800000, 0x0000000617800000, 0x0000000617a00000|  0%| F|  |TAMS 0x0000000617800000, 0x0000000617800000| Untracked 
| 182|0x0000000617a00000, 0x0000000617a00000, 0x0000000617c00000|  0%| F|  |TAMS 0x0000000617a00000, 0x0000000617a00000| Untracked 
| 183|0x0000000617c00000, 0x0000000617c00000, 0x0000000617e00000|  0%| F|  |TAMS 0x0000000617c00000, 0x0000000617c00000| Untracked 
| 184|0x0000000617e00000, 0x0000000617e00000, 0x0000000618000000|  0%| F|  |TAMS 0x0000000617e00000, 0x0000000617e00000| Untracked 
| 185|0x0000000618000000, 0x0000000618000000, 0x0000000618200000|  0%| F|  |TAMS 0x0000000618000000, 0x0000000618000000| Untracked 
| 186|0x0000000618200000, 0x0000000618200000, 0x0000000618400000|  0%| F|  |TAMS 0x0000000618200000, 0x0000000618200000| Untracked 
| 187|0x0000000618400000, 0x0000000618400000, 0x0000000618600000|  0%| F|  |TAMS 0x0000000618400000, 0x0000000618400000| Untracked 
| 188|0x0000000618600000, 0x0000000618600000, 0x0000000618800000|  0%| F|  |TAMS 0x0000000618600000, 0x0000000618600000| Untracked 
| 189|0x0000000618800000, 0x0000000618800000, 0x0000000618a00000|  0%| F|  |TAMS 0x0000000618800000, 0x0000000618800000| Untracked 
| 190|0x0000000618a00000, 0x0000000618a00000, 0x0000000618c00000|  0%| F|  |TAMS 0x0000000618a00000, 0x0000000618a00000| Untracked 
| 191|0x0000000618c00000, 0x0000000618c00000, 0x0000000618e00000|  0%| F|  |TAMS 0x0000000618c00000, 0x0000000618c00000| Untracked 
| 192|0x0000000618e00000, 0x0000000618e00000, 0x0000000619000000|  0%| F|  |TAMS 0x0000000618e00000, 0x0000000618e00000| Untracked 
| 193|0x0000000619000000, 0x0000000619000000, 0x0000000619200000|  0%| F|  |TAMS 0x0000000619000000, 0x0000000619000000| Untracked 
| 194|0x0000000619200000, 0x0000000619200000, 0x0000000619400000|  0%| F|  |TAMS 0x0000000619200000, 0x0000000619200000| Untracked 
| 195|0x0000000619400000, 0x0000000619400000, 0x0000000619600000|  0%| F|  |TAMS 0x0000000619400000, 0x0000000619400000| Untracked 
| 196|0x0000000619600000, 0x0000000619600000, 0x0000000619800000|  0%| F|  |TAMS 0x0000000619600000, 0x0000000619600000| Untracked 
| 197|0x0000000619800000, 0x0000000619800000, 0x0000000619a00000|  0%| F|  |TAMS 0x0000000619800000, 0x0000000619800000| Untracked 
| 198|0x0000000619a00000, 0x0000000619a00000, 0x0000000619c00000|  0%| F|  |TAMS 0x0000000619a00000, 0x0000000619a00000| Untracked 
| 199|0x0000000619c00000, 0x0000000619c00000, 0x0000000619e00000|  0%| F|  |TAMS 0x0000000619c00000, 0x0000000619c00000| Untracked 
| 200|0x0000000619e00000, 0x0000000619e00000, 0x000000061a000000|  0%| F|  |TAMS 0x0000000619e00000, 0x0000000619e00000| Untracked 
| 201|0x000000061a000000, 0x000000061a000000, 0x000000061a200000|  0%| F|  |TAMS 0x000000061a000000, 0x000000061a000000| Untracked 
| 202|0x000000061a200000, 0x000000061a200000, 0x000000061a400000|  0%| F|  |TAMS 0x000000061a200000, 0x000000061a200000| Untracked 
| 203|0x000000061a400000, 0x000000061a400000, 0x000000061a600000|  0%| F|  |TAMS 0x000000061a400000, 0x000000061a400000| Untracked 
| 204|0x000000061a600000, 0x000000061a600000, 0x000000061a800000|  0%| F|  |TAMS 0x000000061a600000, 0x000000061a600000| Untracked 
| 205|0x000000061a800000, 0x000000061a800000, 0x000000061aa00000|  0%| F|  |TAMS 0x000000061a800000, 0x000000061a800000| Untracked 
| 206|0x000000061aa00000, 0x000000061aa00000, 0x000000061ac00000|  0%| F|  |TAMS 0x000000061aa00000, 0x000000061aa00000| Untracked 
| 207|0x000000061ac00000, 0x000000061ac00000, 0x000000061ae00000|  0%| F|  |TAMS 0x000000061ac00000, 0x000000061ac00000| Untracked 
| 208|0x000000061ae00000, 0x000000061ae00000, 0x000000061b000000|  0%| F|  |TAMS 0x000000061ae00000, 0x000000061ae00000| Untracked 
| 209|0x000000061b000000, 0x000000061b000000, 0x000000061b200000|  0%| F|  |TAMS 0x000000061b000000, 0x000000061b000000| Untracked 
| 210|0x000000061b200000, 0x000000061b200000, 0x000000061b400000|  0%| F|  |TAMS 0x000000061b200000, 0x000000061b200000| Untracked 
| 211|0x000000061b400000, 0x000000061b400000, 0x000000061b600000|  0%| F|  |TAMS 0x000000061b400000, 0x000000061b400000| Untracked 
| 212|0x000000061b600000, 0x000000061b600000, 0x000000061b800000|  0%| F|  |TAMS 0x000000061b600000, 0x000000061b600000| Untracked 
| 213|0x000000061b800000, 0x000000061b800000, 0x000000061ba00000|  0%| F|  |TAMS 0x000000061b800000, 0x000000061b800000| Untracked 
| 214|0x000000061ba00000, 0x000000061ba00000, 0x000000061bc00000|  0%| F|  |TAMS 0x000000061ba00000, 0x000000061ba00000| Untracked 
| 215|0x000000061bc00000, 0x000000061bc00000, 0x000000061be00000|  0%| F|  |TAMS 0x000000061bc00000, 0x000000061bc00000| Untracked 
| 216|0x000000061be00000, 0x000000061be00000, 0x000000061c000000|  0%| F|  |TAMS 0x000000061be00000, 0x000000061be00000| Untracked 
| 217|0x000000061c000000, 0x000000061c000000, 0x000000061c200000|  0%| F|  |TAMS 0x000000061c000000, 0x000000061c000000| Untracked 
| 218|0x000000061c200000, 0x000000061c200000, 0x000000061c400000|  0%| F|  |TAMS 0x000000061c200000, 0x000000061c200000| Untracked 
| 219|0x000000061c400000, 0x000000061c400000, 0x000000061c600000|  0%| F|  |TAMS 0x000000061c400000, 0x000000061c400000| Untracked 
| 220|0x000000061c600000, 0x000000061c600000, 0x000000061c800000|  0%| F|  |TAMS 0x000000061c600000, 0x000000061c600000| Untracked 
| 221|0x000000061c800000, 0x000000061c800000, 0x000000061ca00000|  0%| F|  |TAMS 0x000000061c800000, 0x000000061c800000| Untracked 
| 222|0x000000061ca00000, 0x000000061cc00000, 0x000000061cc00000|100%| E|  |TAMS 0x000000061ca00000, 0x000000061ca00000| Complete 
| 223|0x000000061cc00000, 0x000000061ce00000, 0x000000061ce00000|100%| E|CS|TAMS 0x000000061cc00000, 0x000000061cc00000| Complete 
| 224|0x000000061ce00000, 0x000000061d000000, 0x000000061d000000|100%| E|CS|TAMS 0x000000061ce00000, 0x000000061ce00000| Complete 
| 225|0x000000061d000000, 0x000000061d200000, 0x000000061d200000|100%| E|CS|TAMS 0x000000061d000000, 0x000000061d000000| Complete 
| 226|0x000000061d200000, 0x000000061d400000, 0x000000061d400000|100%| E|CS|TAMS 0x000000061d200000, 0x000000061d200000| Complete 
| 227|0x000000061d400000, 0x000000061d600000, 0x000000061d600000|100%| E|CS|TAMS 0x000000061d400000, 0x000000061d400000| Complete 
| 228|0x000000061d600000, 0x000000061d800000, 0x000000061d800000|100%| E|CS|TAMS 0x000000061d600000, 0x000000061d600000| Complete 
| 229|0x000000061d800000, 0x000000061da00000, 0x000000061da00000|100%| E|CS|TAMS 0x000000061d800000, 0x000000061d800000| Complete 
| 230|0x000000061da00000, 0x000000061dc00000, 0x000000061dc00000|100%| E|CS|TAMS 0x000000061da00000, 0x000000061da00000| Complete 
| 231|0x000000061dc00000, 0x000000061de00000, 0x000000061de00000|100%| E|CS|TAMS 0x000000061dc00000, 0x000000061dc00000| Complete 
| 232|0x000000061de00000, 0x000000061e000000, 0x000000061e000000|100%| E|CS|TAMS 0x000000061de00000, 0x000000061de00000| Complete 
| 233|0x000000061e000000, 0x000000061e200000, 0x000000061e200000|100%| E|CS|TAMS 0x000000061e000000, 0x000000061e000000| Complete 
| 234|0x000000061e200000, 0x000000061e400000, 0x000000061e400000|100%| E|CS|TAMS 0x000000061e200000, 0x000000061e200000| Complete 
| 235|0x000000061e400000, 0x000000061e600000, 0x000000061e600000|100%| E|CS|TAMS 0x000000061e400000, 0x000000061e400000| Complete 
| 236|0x000000061e600000, 0x000000061e800000, 0x000000061e800000|100%| E|CS|TAMS 0x000000061e600000, 0x000000061e600000| Complete 
| 237|0x000000061e800000, 0x000000061ea00000, 0x000000061ea00000|100%| E|CS|TAMS 0x000000061e800000, 0x000000061e800000| Complete 
| 238|0x000000061ea00000, 0x000000061ec00000, 0x000000061ec00000|100%| E|CS|TAMS 0x000000061ea00000, 0x000000061ea00000| Complete 
| 239|0x000000061ec00000, 0x000000061ee00000, 0x000000061ee00000|100%| E|CS|TAMS 0x000000061ec00000, 0x000000061ec00000| Complete 
| 240|0x000000061ee00000, 0x000000061f000000, 0x000000061f000000|100%| E|CS|TAMS 0x000000061ee00000, 0x000000061ee00000| Complete 
| 241|0x000000061f000000, 0x000000061f200000, 0x000000061f200000|100%| E|CS|TAMS 0x000000061f000000, 0x000000061f000000| Complete 
| 242|0x000000061f200000, 0x000000061f31ca30, 0x000000061f400000| 55%| S|CS|TAMS 0x000000061f200000, 0x000000061f200000| Complete 
| 243|0x000000061f400000, 0x000000061f600000, 0x000000061f600000|100%| S|CS|TAMS 0x000000061f400000, 0x000000061f400000| Complete 
| 244|0x000000061f600000, 0x000000061f800000, 0x000000061f800000|100%| E|CS|TAMS 0x000000061f600000, 0x000000061f600000| Complete 
| 245|0x000000061f800000, 0x000000061fa00000, 0x000000061fa00000|100%| E|CS|TAMS 0x000000061f800000, 0x000000061f800000| Complete 
| 246|0x000000061fa00000, 0x000000061fc00000, 0x000000061fc00000|100%| E|CS|TAMS 0x000000061fa00000, 0x000000061fa00000| Complete 
| 247|0x000000061fc00000, 0x000000061fe00000, 0x000000061fe00000|100%| E|CS|TAMS 0x000000061fc00000, 0x000000061fc00000| Complete 
| 248|0x000000061fe00000, 0x0000000620000000, 0x0000000620000000|100%| E|CS|TAMS 0x000000061fe00000, 0x000000061fe00000| Complete 
| 249|0x0000000620000000, 0x0000000620200000, 0x0000000620200000|100%| E|CS|TAMS 0x0000000620000000, 0x0000000620000000| Complete 
| 250|0x0000000620200000, 0x0000000620400000, 0x0000000620400000|100%| E|CS|TAMS 0x0000000620200000, 0x0000000620200000| Complete 
| 251|0x0000000620400000, 0x0000000620600000, 0x0000000620600000|100%| E|CS|TAMS 0x0000000620400000, 0x0000000620400000| Complete 
| 252|0x0000000620600000, 0x0000000620800000, 0x0000000620800000|100%| E|CS|TAMS 0x0000000620600000, 0x0000000620600000| Complete 
| 253|0x0000000620800000, 0x0000000620a00000, 0x0000000620a00000|100%| E|CS|TAMS 0x0000000620800000, 0x0000000620800000| Complete 
| 254|0x0000000620a00000, 0x0000000620c00000, 0x0000000620c00000|100%| E|CS|TAMS 0x0000000620a00000, 0x0000000620a00000| Complete 
| 255|0x0000000620c00000, 0x0000000620e00000, 0x0000000620e00000|100%| E|CS|TAMS 0x0000000620c00000, 0x0000000620c00000| Complete 

Card table byte_map: [0x000002859f360000,0x00000285a0360000] _byte_map_base: 0x000002859c359000

Marking Bits (Prev, Next): (CMBitMap*) 0x000002858482d938, (CMBitMap*) 0x000002858482d970
 Prev Bits: [0x00000285a1360000, 0x00000285a9328000)
 Next Bits: [0x00000285a9330000, 0x00000285b12f8000)

Polling page: 0x000002858e690000

Metaspace:

Usage:
  Non-class:     16.73 MB capacity,    16.44 MB ( 98%) used,   271.16 KB (  2%) free+waste,    33.19 KB ( <1%) overhead. 
      Class:      1.88 MB capacity,     1.79 MB ( 95%) used,    77.68 KB (  4%) free+waste,    14.13 KB ( <1%) overhead. 
       Both:     18.61 MB capacity,    18.22 MB ( 98%) used,   348.84 KB (  2%) free+waste,    47.31 KB ( <1%) overhead. 

Virtual space:
  Non-class space:       18.00 MB reserved,      16.75 MB ( 93%) committed 
      Class space:        1.00 GB reserved,       1.88 MB ( <1%) committed 
             Both:        1.02 GB reserved,      18.63 MB (  2%) committed 

Chunk freelists:
   Non-Class:  16.00 KB
       Class:  0 bytes
        Both:  16.00 KB

MaxMetaspaceSize: 17179869184.00 GB
CompressedClassSpaceSize: 1.00 GB
Initial GC threshold: 20.80 MB
Current GC threshold: 20.80 MB
CDS: off

CodeHeap 'non-profiled nmethods': size=120000Kb used=867Kb max_used=867Kb free=119132Kb
 bounds [0x0000028596180000, 0x00000285963f0000, 0x000002859d6b0000]
CodeHeap 'profiled nmethods': size=120000Kb used=4787Kb max_used=4787Kb free=115212Kb
 bounds [0x000002858ec50000, 0x000002858f100000, 0x0000028596180000]
CodeHeap 'non-nmethods': size=5760Kb used=1173Kb max_used=1211Kb free=4586Kb
 bounds [0x000002858e6b0000, 0x000002858e920000, 0x000002858ec50000]
 total_blobs=2733 nmethods=2297 adapters=348
 compilation: enabled
              stopped_count=0, restarted_count=0
 full_count=0

Compilation events (20 events):
Event: 1.597 Thread 0x00000285b4a6b800 2284       3       com.android.repository.impl.generated.v2.ArchiveType::<init> (5 bytes)
Event: 1.597 Thread 0x00000285b4a6b800 nmethod 2284 0x000002858f0ee710 code [0x000002858f0ee8c0, 0x000002858f0eea78]
Event: 1.597 Thread 0x00000285b4a6b800 2285       3       com.android.repository.impl.meta.Archive::<init> (5 bytes)
Event: 1.597 Thread 0x00000285b4a6b800 nmethod 2285 0x000002858f0eeb90 code [0x000002858f0eed40, 0x000002858f0eee98]
Event: 1.598 Thread 0x00000285b4a6b800 2287       3       com.sun.xml.bind.v2.runtime.unmarshaller.ProxyLoader::startElement (19 bytes)
Event: 1.598 Thread 0x00000285b4a6b800 nmethod 2287 0x000002858f0eef90 code [0x000002858f0ef1a0, 0x000002858f0ef8b8]
Event: 1.598 Thread 0x00000285b4a6b800 2288       3       com.sun.xml.bind.v2.runtime.unmarshaller.XsiNilLoader::selectLoader (100 bytes)
Event: 1.599 Thread 0x00000285b4a6b800 nmethod 2288 0x000002858f0efa90 code [0x000002858f0efcc0, 0x000002858f0f0528]
Event: 1.599 Thread 0x00000285b4a6b800 2289   !   3       jdk.internal.reflect.GeneratedConstructorAccessor26::newInstance (49 bytes)
Event: 1.599 Thread 0x00000285b4a6b800 nmethod 2289 0x000002858f0f0790 code [0x000002858f0f09a0, 0x000002858f0f0e88]
Event: 1.600 Thread 0x00000285b4a6b800 2290   !   3       jdk.internal.reflect.GeneratedConstructorAccessor27::newInstance (49 bytes)
Event: 1.600 Thread 0x00000285b4e64000 nmethod 2241 0x0000028596257090 code [0x0000028596257220, 0x00000285962573d8]
Event: 1.600 Thread 0x00000285b4e64000 2274       4       java.util.regex.Pattern::RemoveQEQuoting (346 bytes)
Event: 1.600 Thread 0x00000285b4a6b800 nmethod 2290 0x000002858f0f1110 code [0x000002858f0f1320, 0x000002858f0f1868]
Event: 1.600 Thread 0x00000285b4a6b800 2291       3       com.sun.xml.bind.v2.runtime.unmarshaller.Scope::finish (52 bytes)
Event: 1.600 Thread 0x00000285b4a6b800 nmethod 2291 0x000002858f0f1b10 code [0x000002858f0f1ce0, 0x000002858f0f2018]
Event: 1.602 Thread 0x00000285b4a6b800 2293       3       jdk.internal.reflect.UnsafeIntegerFieldAccessorImpl::set (136 bytes)
Event: 1.604 Thread 0x00000285b4a6b800 nmethod 2293 0x000002858f0f2110 code [0x000002858f0f24c0, 0x000002858f0f4688]
Event: 1.605 Thread 0x00000285b4e64000 nmethod 2274 0x0000028596257990 code [0x0000028596257b20, 0x0000028596257d78]
Event: 1.605 Thread 0x00000285b4e64000 2292       4       com.sun.org.apache.xerces.internal.impl.XMLEntityScanner::skipString (122 bytes)

GC Heap History (2 events):
Event: 0.688 GC heap before
{Heap before GC invocations=0 (full 0):
 garbage-first heap   total 524288K, used 22528K [0x0000000600e00000, 0x0000000800000000)
  region size 2048K, 12 young (24576K), 0 survivors (0K)
 Metaspace       used 13142K, capacity 13346K, committed 13440K, reserved 1060864K
  class space    used 1295K, capacity 1355K, committed 1408K, reserved 1048576K
}
Event: 0.693 GC heap after
{Heap after GC invocations=1 (full 0):
 garbage-first heap   total 524288K, used 3186K [0x0000000600e00000, 0x0000000800000000)
  region size 2048K, 2 young (4096K), 2 survivors (4096K)
 Metaspace       used 13142K, capacity 13346K, committed 13440K, reserved 1060864K
  class space    used 1295K, capacity 1355K, committed 1408K, reserved 1048576K
}

Deoptimization events (20 events):
Event: 1.405 Thread 0x00000285847a6000 DEOPT PACKING pc=0x000002858ee83151 sp=0x000000bde75fe3e0
Event: 1.405 Thread 0x00000285847a6000 DEOPT UNPACKING pc=0x000002858e6fa95e sp=0x000000bde75fd7f0 mode 0
Event: 1.407 Thread 0x00000285847a6000 DEOPT PACKING pc=0x000002858ee83151 sp=0x000000bde75fe3e0
Event: 1.407 Thread 0x00000285847a6000 DEOPT UNPACKING pc=0x000002858e6fa95e sp=0x000000bde75fd7f0 mode 0
Event: 1.407 Thread 0x00000285847a6000 DEOPT PACKING pc=0x000002858ee83151 sp=0x000000bde75fe3e0
Event: 1.407 Thread 0x00000285847a6000 DEOPT UNPACKING pc=0x000002858e6fa95e sp=0x000000bde75fd7f0 mode 0
Event: 1.410 Thread 0x00000285847a6000 DEOPT PACKING pc=0x000002858f051ff3 sp=0x000000bde75fdd60
Event: 1.410 Thread 0x00000285847a6000 DEOPT UNPACKING pc=0x000002858e6fa95e sp=0x000000bde75fd198 mode 0
Event: 1.411 Thread 0x00000285847a6000 DEOPT PACKING pc=0x000002858ee83151 sp=0x000000bde75fe3e0
Event: 1.411 Thread 0x00000285847a6000 DEOPT UNPACKING pc=0x000002858e6fa95e sp=0x000000bde75fd7f0 mode 0
Event: 1.411 Thread 0x00000285847a6000 DEOPT PACKING pc=0x000002858ee83151 sp=0x000000bde75fe3e0
Event: 1.411 Thread 0x00000285847a6000 DEOPT UNPACKING pc=0x000002858e6fa95e sp=0x000000bde75fd7f0 mode 0
Event: 1.415 Thread 0x00000285847a6000 DEOPT PACKING pc=0x000002858ee83151 sp=0x000000bde75fe3e0
Event: 1.415 Thread 0x00000285847a6000 DEOPT UNPACKING pc=0x000002858e6fa95e sp=0x000000bde75fd7f0 mode 0
Event: 1.415 Thread 0x00000285847a6000 DEOPT PACKING pc=0x000002858ee83151 sp=0x000000bde75fe3e0
Event: 1.415 Thread 0x00000285847a6000 DEOPT UNPACKING pc=0x000002858e6fa95e sp=0x000000bde75fd7f0 mode 0
Event: 1.434 Thread 0x00000285847a6000 DEOPT PACKING pc=0x000002858f04cb93 sp=0x000000bde75fdbf0
Event: 1.434 Thread 0x00000285847a6000 DEOPT UNPACKING pc=0x000002858e6fa95e sp=0x000000bde75fd0b0 mode 0
Event: 1.436 Thread 0x00000285847a6000 DEOPT PACKING pc=0x000002858f04cb93 sp=0x000000bde75fdd80
Event: 1.436 Thread 0x00000285847a6000 DEOPT UNPACKING pc=0x000002858e6fa95e sp=0x000000bde75fd240 mode 0

Classes redefined (0 events):
No events

Internal exceptions (20 events):
Event: 1.129 Thread 0x00000285847a6000 Exception <a 'sun/nio/fs/WindowsException'{0x00000006201059c0}> (0x00000006201059c0) thrown at [./src/hotspot/share/prims/jni.cpp, line 616]
Event: 1.129 Thread 0x00000285847a6000 Exception <a 'sun/nio/fs/WindowsException'{0x0000000620105dc8}> (0x0000000620105dc8) thrown at [./src/hotspot/share/prims/jni.cpp, line 616]
Event: 1.129 Thread 0x00000285847a6000 Exception <a 'sun/nio/fs/WindowsException'{0x0000000620106688}> (0x0000000620106688) thrown at [./src/hotspot/share/prims/jni.cpp, line 616]
Event: 1.130 Thread 0x00000285847a6000 Exception <a 'sun/nio/fs/WindowsException'{0x0000000620106e48}> (0x0000000620106e48) thrown at [./src/hotspot/share/prims/jni.cpp, line 616]
Event: 1.130 Thread 0x00000285847a6000 Exception <a 'sun/nio/fs/WindowsException'{0x00000006201073f8}> (0x00000006201073f8) thrown at [./src/hotspot/share/prims/jni.cpp, line 616]
Event: 1.130 Thread 0x00000285847a6000 Exception <a 'sun/nio/fs/WindowsException'{0x0000000620107c00}> (0x0000000620107c00) thrown at [./src/hotspot/share/prims/jni.cpp, line 616]
Event: 1.130 Thread 0x00000285847a6000 Exception <a 'sun/nio/fs/WindowsException'{0x00000006201088f8}> (0x00000006201088f8) thrown at [./src/hotspot/share/prims/jni.cpp, line 616]
Event: 1.130 Thread 0x00000285847a6000 Exception <a 'sun/nio/fs/WindowsException'{0x0000000620108ce8}> (0x0000000620108ce8) thrown at [./src/hotspot/share/prims/jni.cpp, line 616]
Event: 1.130 Thread 0x00000285847a6000 Exception <a 'sun/nio/fs/WindowsException'{0x0000000620109588}> (0x0000000620109588) thrown at [./src/hotspot/share/prims/jni.cpp, line 616]
Event: 1.130 Thread 0x00000285847a6000 Exception <a 'sun/nio/fs/WindowsException'{0x0000000620109d38}> (0x0000000620109d38) thrown at [./src/hotspot/share/prims/jni.cpp, line 616]
Event: 1.130 Thread 0x00000285847a6000 Exception <a 'sun/nio/fs/WindowsException'{0x000000062010a2c8}> (0x000000062010a2c8) thrown at [./src/hotspot/share/prims/jni.cpp, line 616]
Event: 1.130 Thread 0x00000285847a6000 Exception <a 'sun/nio/fs/WindowsException'{0x000000062010aaa8}> (0x000000062010aaa8) thrown at [./src/hotspot/share/prims/jni.cpp, line 616]
Event: 1.131 Thread 0x00000285847a6000 Exception <a 'sun/nio/fs/WindowsException'{0x000000062010b5a8}> (0x000000062010b5a8) thrown at [./src/hotspot/share/prims/jni.cpp, line 616]
Event: 1.131 Thread 0x00000285847a6000 Exception <a 'sun/nio/fs/WindowsException'{0x000000062010b9b8}> (0x000000062010b9b8) thrown at [./src/hotspot/share/prims/jni.cpp, line 616]
Event: 1.155 Thread 0x00000285847a6000 Exception <a 'sun/nio/fs/WindowsException'{0x00000006201fd3c8}> (0x00000006201fd3c8) thrown at [./src/hotspot/share/prims/jni.cpp, line 616]
Event: 1.162 Thread 0x00000285847a6000 Exception <a 'java/lang/NoSuchMethodError'{0x000000061fe240b8}: 'int java.lang.invoke.DirectMethodHandle$Holder.invokeSpecialIFC(java.lang.Object, java.lang.Object, int)'> (0x000000061fe240b8) thrown at [./src/hotspot/share/interpreter/linkResolver.cpp, line 773]
Event: 1.205 Thread 0x00000285847a6000 Exception <a 'sun/nio/fs/WindowsException'{0x000000061ff9b940}> (0x000000061ff9b940) thrown at [./src/hotspot/share/prims/jni.cpp, line 616]
Event: 1.206 Thread 0x00000285847a6000 Exception <a 'java/lang/NoSuchMethodError'{0x000000061ff9c5d8}: 'int java.lang.invoke.DirectMethodHandle$Holder.invokeInterface(java.lang.Object, java.lang.Object)'> (0x000000061ff9c5d8) thrown at [./src/hotspot/share/interpreter/linkResolver.cpp, line 773]
Event: 1.208 Thread 0x00000285847a6000 Exception <a 'java/lang/NoSuchMethodError'{0x000000061ffa5d48}: 'void java.lang.invoke.DirectMethodHandle$Holder.invokeStatic(java.lang.Object, int, java.lang.Object)'> (0x000000061ffa5d48) thrown at [./src/hotspot/share/interpreter/linkResolver.cpp, line 773]
Event: 1.212 Thread 0x00000285847a6000 Exception <a 'java/lang/NoSuchMethodError'{0x000000061ffb7968}: 'java.lang.Object java.lang.invoke.Invokers$Holder.linkToTargetMethod(java.lang.Object, java.lang.Object, java.lang.Object, java.lang.Object, java.lang.Object, java.lang.Object)'> (0x000000061ffb7968) thrown at [./src/hotspot/share/interpreter/linkResolver.cpp, line 773]

Events (20 events):
Event: 1.318 loading class com/android/tools/analytics/Environment$Companion$SYSTEM$1
Event: 1.318 loading class com/android/tools/analytics/Environment$Companion$SYSTEM$1 done
Event: 1.318 loading class com/android/tools/analytics/Environment$SystemProperty
Event: 1.318 loading class com/android/tools/analytics/Environment$SystemProperty done
Event: 1.318 loading class com/google/wireless/android/sdk/stats/ProductDetails$CpuArchitecture
Event: 1.318 loading class com/google/wireless/android/sdk/stats/ProductDetails$CpuArchitecture done
Event: 1.319 loading class com/google/protobuf/ProtocolMessageEnum
Event: 1.319 loading class com/google/protobuf/ProtocolMessageEnum done
Event: 1.319 loading class com/google/protobuf/Internal$EnumLite
Event: 1.319 loading class com/google/protobuf/Internal$EnumLite done
Event: 1.320 loading class com/google/protobuf/Internal$EnumLiteMap
Event: 1.320 loading class com/google/protobuf/Internal$EnumLiteMap done
Event: 1.320 loading class com/google/wireless/android/sdk/stats/ProductDetails$CpuArchitecture$1
Event: 1.320 loading class com/google/wireless/android/sdk/stats/ProductDetails$CpuArchitecture$1 done
Event: 1.321 loading class com/android/repository/impl/meta/Archive$1
Event: 1.321 loading class com/android/repository/impl/meta/Archive$1 done
Event: 1.466 loading class com/android/repository/api/ProgressIndicator
Event: 1.466 loading class com/android/repository/api/ProgressIndicator done
Event: 1.487 Executing VM operation: ICBufferFull
Event: 1.487 Executing VM operation: ICBufferFull done


Dynamic libraries:
0x00007ff6e1760000 - 0x00007ff6e176d000 	C:\Program Files\Unity\Hub\Editor\2022.3.23f1\Editor\Data\PlaybackEngines\AndroidPlayer\OpenJDK\bin\java.exe
0x00007fff672d0000 - 0x00007fff674c5000 	C:\WINDOWS\SYSTEM32\ntdll.dll
0x00007fff66860000 - 0x00007fff6691d000 	C:\WINDOWS\System32\KERNEL32.DLL
0x00007fff64fa0000 - 0x00007fff6526d000 	C:\WINDOWS\System32\KERNELBASE.dll
0x00007fff64d40000 - 0x00007fff64e40000 	C:\WINDOWS\System32\ucrtbase.dll
0x00007ffecb680000 - 0x00007ffecb695000 	C:\Program Files\Unity\Hub\Editor\2022.3.23f1\Editor\Data\PlaybackEngines\AndroidPlayer\OpenJDK\bin\VCRUNTIME140.dll
0x00007ffecb6a0000 - 0x00007ffecb6b7000 	C:\Program Files\Unity\Hub\Editor\2022.3.23f1\Editor\Data\PlaybackEngines\AndroidPlayer\OpenJDK\bin\jli.dll
0x00007fff66610000 - 0x00007fff667b0000 	C:\WINDOWS\System32\USER32.dll
0x00007fff5a920000 - 0x00007fff5abba000 	C:\WINDOWS\WinSxS\amd64_microsoft.windows.common-controls_6595b64144ccf1df_6.0.19041.1110_none_60b5254171f9507e\COMCTL32.dll
0x00007fff64a80000 - 0x00007fff64aa2000 	C:\WINDOWS\System32\win32u.dll
0x00007fff65ee0000 - 0x00007fff65f0a000 	C:\WINDOWS\System32\GDI32.dll
0x00007fff653f0000 - 0x00007fff6548e000 	C:\WINDOWS\System32\msvcrt.dll
0x00007fff64e40000 - 0x00007fff64f4b000 	C:\WINDOWS\System32\gdi32full.dll
0x00007fff64ab0000 - 0x00007fff64b4d000 	C:\WINDOWS\System32\msvcp_win.dll
0x00007fff66930000 - 0x00007fff66960000 	C:\WINDOWS\System32\IMM32.DLL
0x00007ffec8730000 - 0x00007ffec87cb000 	C:\Program Files\Unity\Hub\Editor\2022.3.23f1\Editor\Data\PlaybackEngines\AndroidPlayer\OpenJDK\bin\msvcp140.dll
0x00007ffec7040000 - 0x00007ffec7bc1000 	C:\Program Files\Unity\Hub\Editor\2022.3.23f1\Editor\Data\PlaybackEngines\AndroidPlayer\OpenJDK\bin\server\jvm.dll
0x00007fff661f0000 - 0x00007fff6629e000 	C:\WINDOWS\System32\ADVAPI32.dll
0x00007fff65c20000 - 0x00007fff65cbc000 	C:\WINDOWS\System32\sechost.dll
0x00007fff670b0000 - 0x00007fff671d5000 	C:\WINDOWS\System32\RPCRT4.dll
0x00007fff65e70000 - 0x00007fff65e78000 	C:\WINDOWS\System32\PSAPI.DLL
0x00007fff5e1a0000 - 0x00007fff5e1aa000 	C:\WINDOWS\SYSTEM32\VERSION.dll
0x00007fff5c0a0000 - 0x00007fff5c0c7000 	C:\WINDOWS\SYSTEM32\WINMM.dll
0x00007fff53f10000 - 0x00007fff53f19000 	C:\WINDOWS\SYSTEM32\WSOCK32.dll
0x00007fff66180000 - 0x00007fff661eb000 	C:\WINDOWS\System32\WS2_32.dll
0x00007fff632c0000 - 0x00007fff632d2000 	C:\WINDOWS\SYSTEM32\kernel.appcore.dll
0x00007ffed11b0000 - 0x00007ffed11c0000 	C:\Program Files\Unity\Hub\Editor\2022.3.23f1\Editor\Data\PlaybackEngines\AndroidPlayer\OpenJDK\bin\verify.dll
0x00007fff628d0000 - 0x00007fff62ab4000 	C:\WINDOWS\SYSTEM32\DBGHELP.DLL
0x00007fff49e20000 - 0x00007fff49e4c000 	C:\WINDOWS\SYSTEM32\dbgcore.DLL
0x00007fff64cb0000 - 0x00007fff64d32000 	C:\WINDOWS\System32\bcryptPrimitives.dll
0x00007ffecb650000 - 0x00007ffecb678000 	C:\Program Files\Unity\Hub\Editor\2022.3.23f1\Editor\Data\PlaybackEngines\AndroidPlayer\OpenJDK\bin\java.dll
0x00007ffecbdf0000 - 0x00007ffecbdfa000 	C:\Program Files\Unity\Hub\Editor\2022.3.23f1\Editor\Data\PlaybackEngines\AndroidPlayer\OpenJDK\bin\jimage.dll
0x00007ffeca3b0000 - 0x00007ffeca3c8000 	C:\Program Files\Unity\Hub\Editor\2022.3.23f1\Editor\Data\PlaybackEngines\AndroidPlayer\OpenJDK\bin\zip.dll
0x00007fff66960000 - 0x00007fff670a4000 	C:\WINDOWS\System32\SHELL32.dll
0x00007fff62ae0000 - 0x00007fff63274000 	C:\WINDOWS\SYSTEM32\windows.storage.dll
0x00007fff662a0000 - 0x00007fff665f4000 	C:\WINDOWS\System32\combase.dll
0x00007fff64440000 - 0x00007fff6446c000 	C:\WINDOWS\SYSTEM32\Wldp.dll
0x00007fff667b0000 - 0x00007fff6685d000 	C:\WINDOWS\System32\SHCORE.dll
0x00007fff65f10000 - 0x00007fff65f65000 	C:\WINDOWS\System32\shlwapi.dll
0x00007fff64920000 - 0x00007fff6493f000 	C:\WINDOWS\SYSTEM32\profapi.dll
0x00007ffec8710000 - 0x00007ffec8729000 	C:\Program Files\Unity\Hub\Editor\2022.3.23f1\Editor\Data\PlaybackEngines\AndroidPlayer\OpenJDK\bin\net.dll
0x00007fff5d870000 - 0x00007fff5d97a000 	C:\WINDOWS\SYSTEM32\WINHTTP.dll
0x00007fff64130000 - 0x00007fff6419a000 	C:\WINDOWS\system32\mswsock.dll
0x00007ffec86f0000 - 0x00007ffec8703000 	C:\Program Files\Unity\Hub\Editor\2022.3.23f1\Editor\Data\PlaybackEngines\AndroidPlayer\OpenJDK\bin\nio.dll

dbghelp: loaded successfully - version: 4.0.5 - missing functions: none
symbol engine: initialized successfully - sym options: 0x614 - pdb path: .;C:\Program Files\Unity\Hub\Editor\2022.3.23f1\Editor\Data\PlaybackEngines\AndroidPlayer\OpenJDK\bin;C:\WINDOWS\SYSTEM32;C:\WINDOWS\WinSxS\amd64_microsoft.windows.common-controls_6595b64144ccf1df_6.0.19041.1110_none_60b5254171f9507e;C:\Program Files\Unity\Hub\Editor\2022.3.23f1\Editor\Data\PlaybackEngines\AndroidPlayer\OpenJDK\bin\server

VM Arguments:
jvm_args: -Dfile.encoding=UTF-8 -Dcom.android.sdklib.toolsdir=C:\Program Files\Unity\Hub\Editor\2022.3.23f1\Editor\Data\PlaybackEngines\AndroidPlayer\SDK\cmdline-tools\6.0\bin\\.. 
java_command: com.android.sdklib.tool.sdkmanager.SdkManagerCli --list
java_class_path (initial): C:\Program Files\Unity\Hub\Editor\2022.3.23f1\Editor\Data\PlaybackEngines\AndroidPlayer\SDK\cmdline-tools\6.0\bin\..\lib\sdkmanager-classpath.jar
Launcher Type: SUN_STANDARD

[Global flags]
     intx CICompilerCount                          = 4                                         {product} {ergonomic}
     uint ConcGCThreads                            = 3                                         {product} {ergonomic}
     uint G1ConcRefinementThreads                  = 10                                        {product} {ergonomic}
   size_t G1HeapRegionSize                         = 2097152                                   {product} {ergonomic}
    uintx GCDrainStackTargetSize                   = 64                                        {product} {ergonomic}
   size_t InitialHeapSize                          = 536870912                                 {product} {ergonomic}
   size_t MarkStackSize                            = 4194304                                   {product} {ergonomic}
   size_t MaxHeapSize                              = 8575254528                                {product} {ergonomic}
   size_t MaxNewSize                               = 5144313856                                {product} {ergonomic}
   size_t MinHeapDeltaBytes                        = 2097152                                   {product} {ergonomic}
    uintx NonNMethodCodeHeapSize                   = 5836300                                {pd product} {ergonomic}
    uintx NonProfiledCodeHeapSize                  = 122910970                              {pd product} {ergonomic}
    uintx ProfiledCodeHeapSize                     = 122910970                              {pd product} {ergonomic}
    uintx ReservedCodeCacheSize                    = 251658240                              {pd product} {ergonomic}
     bool SegmentedCodeCache                       = true                                      {product} {ergonomic}
     bool UseCompressedClassPointers               = true                                 {lp64_product} {ergonomic}
     bool UseCompressedOops                        = true                                 {lp64_product} {ergonomic}
     bool UseG1GC                                  = true                                      {product} {ergonomic}
     bool UseLargePagesIndividualAllocation        = false                                  {pd product} {ergonomic}

Logging:
Log output configuration:
 #0: stdout all=warning uptime,level,tags
 #1: stderr all=off uptime,level,tags

Environment Variables:
JAVA_HOME=C:\Program Files\Unity\Hub\Editor\2022.3.23f1\Editor\Data\PlaybackEngines\AndroidPlayer\OpenJDK
JAVA_TOOL_OPTIONS=-Dfile.encoding=UTF-8
CLASSPATH=C:\Program Files\Unity\Hub\Editor\2022.3.23f1\Editor\Data\PlaybackEngines\AndroidPlayer\SDK\cmdline-tools\6.0\bin\..\lib\sdkmanager-classpath.jar
PATH=C:\Program Files (x86)\Common Files\Oracle\Java\javapath;C:\Program Files (x86)\Common Files\Intel\Shared Libraries\redist\ia32\compiler;C:\Program Files (x86)\Common Files\Intel\Shared Libraries\redist\intel64\compiler;C:\Program Files (x86)\Common Files\Intel\Shared Files\cpp\bin\Intel64;C:\ProgramData\Oracle\Java\javapath;C:\Windows\system32;C:\Windows;C:\Windows\System32\Wbem;C:\Windows\System32\WindowsPowerShell\v1.0\;C:\WINDOWS\system32;C:\WINDOWS;C:\WINDOWS\System32\Wbem;C:\WINDOWS\System32\WindowsPowerShell\v1.0\;C:\Program Files (x86)\Common Files\Acronis\SnapAPI\;C:\Program Files\Microsoft SQL Server\110\Tools\Binn\;C:\WINDOWS\System32\OpenSSH\;C:\Program Files\NVIDIA Corporation\NVIDIA NvDLISR;C:\Program Files (x86)\PuTTY\;C:\Program Files (x86)\Windows Kits\10\Windows Performance Toolkit\;C:\WINDOWS\system32;C:\WINDOWS;C:\WINDOWS\System32\Wbem;C:\WINDOWS\System32\WindowsPowerShell\v1.0\;C:\WINDOWS\System32\OpenSSH\;C:\Program Files\Microsoft SQL Server\130\Tools\Binn\;C:\Program Files\dotnet\;C:\Program Files\Microsoft SQL Server\150\Tools\Binn\;C:\Program Files\Microsoft SQL Server\Client SDK\ODBC\170\Tools\Binn\;C:\Program Files (x86)\GtkSharp\2.12\bin;C:\Users\StratoCat\AppData\Local\GitHubDesktop\app-3.0.5\resources\app\git\cmd;C:\Program Files (x86)\QuickTime\QTSystem\;D:\NINTENDO\NINTENDO VIDEO CONVERTER\bin;C:\Program Files (x86)\NVIDIA Corporation\PhysX\Common;C:\Program Files\PowerShell\7\;C:\Users\StratoCat\AppData\Local\Microsoft\WindowsApps;C:\Users\StratoCat\.dotnet\tools;C:\Users\StratoCat\AppData\Local\GitHubDesktop\bin
USERNAME=StratoCat
OS=Windows_NT
PROCESSOR_IDENTIFIER=Intel64 Family 6 Model 45 Stepping 7, GenuineIntel



---------------  S Y S T E M  ---------------

OS: Windows 10 , 64 bit Build 19041 (10.0.19041.1706)
OS uptime: 0 days 1:26 hours

CPU:total 12 (initial active 12) (6 cores per cpu, 2 threads per core) family 6 model 45 stepping 7 microcode 0x714, cmov, cx8, fxsr, mmx, sse, sse2, sse3, ssse3, sse4.1, sse4.2, popcnt, avx, aes, clmul, ht, tsc, tscinvbit, tscinv

Memory: 4k page, system-wide physical 32708M (7110M free)
TotalPageFile size 32708M (AvailPageFile size 5M)
current process WorkingSet (physical memory assigned to process): 161M, peak: 161M
current process commit charge ("private bytes"): 661M, peak: 662M

vm_info: OpenJDK 64-Bit Server VM (11.0.14.1+1) for windows-amd64 JRE (11.0.14.1+1), built on Feb  9 2022 01:48:27 by "" with unknown MS VC++:1916

END.
