#
# There is insufficient memory for the Java Runtime Environment to continue.
# Native memory allocation (mmap) failed to map 536870912 bytes for Failed to commit area from 0x0000000600e00000 to 0x0000000620e00000 of length 536870912.
# Possible reasons:
#   The system is out of physical RAM or swap space
#   The process is running with CompressedOops enabled, and the Java Heap may be blocking the growth of the native heap
# Possible solutions:
#   Reduce memory load on the system
#   Increase physical memory or swap space
#   Check if swap backing store is full
#   Decrease Java heap size (-Xmx/-Xms)
#   Decrease number of Java threads
#   Decrease Java thread stack sizes (-Xss)
#   Set larger code cache with -XX:ReservedCodeCacheSize=
# This output file may be truncated or incomplete.
#
#  Out of Memory Error (./src/hotspot/os/windows/os_windows.cpp:3387), pid=18608, tid=16476
#
# JRE version:  (11.0.14.1+1) (build )
# Java VM: OpenJDK 64-Bit Server VM (11.0.14.1+1, mixed mode, sharing, tiered, compressed oops, g1 gc, windows-amd64)
# No core dump will be written. Minidumps are not enabled by default on client versions of Windows
#

---------------  S U M M A R Y ------------

Command Line: -Dfile.encoding=UTF-8 

Host: Intel(R) Core(TM) i7-3930K CPU @ 3.20GHz, 12 cores, 31G,  Windows 10 , 64 bit Build 19041 (10.0.19041.1706)
Time: Sat Apr 20 11:09:29 2024 RTZ 2 (зима) elapsed time: 0.010000 seconds (0d 0h 0m 0s)

---------------  T H R E A D  ---------------

Current thread (0x0000022ea5896800):  JavaThread "Unknown thread" [_thread_in_vm, id=16476, stack(0x0000007019c00000,0x0000007019d00000)]

Stack: [0x0000007019c00000,0x0000007019d00000]
Native frames: (J=compiled Java code, j=interpreted, Vv=VM code, C=native code)
V  [jvm.dll+0x61e59a]
V  [jvm.dll+0x7aaca9]
V  [jvm.dll+0x7ac398]
V  [jvm.dll+0x7aca73]
V  [jvm.dll+0x24f9b8]
V  [jvm.dll+0x61b83a]
V  [jvm.dll+0x6100c5]
V  [jvm.dll+0x30772c]
V  [jvm.dll+0x3075b2]
V  [jvm.dll+0x30c2d6]
V  [jvm.dll+0x35272f]
V  [jvm.dll+0x352160]
V  [jvm.dll+0x2e4728]
V  [jvm.dll+0x2e5886]
V  [jvm.dll+0x784b07]
V  [jvm.dll+0x78628f]
V  [jvm.dll+0x35f479]
V  [jvm.dll+0x767aa0]
V  [jvm.dll+0x3ccf1f]
V  [jvm.dll+0x3cf2b1]
C  [jli.dll+0x5207]
C  [ucrtbase.dll+0x21bb2]
C  [KERNEL32.DLL+0x17034]
C  [ntdll.dll+0x52651]


---------------  P R O C E S S  ---------------

Threads class SMR info:
_java_thread_list=0x0000022ea3646800, length=0, elements={
}

Java Threads: ( => current thread )

Other Threads:
  0x0000022ea58a9000 GCTaskThread "GC Thread#0" [stack: 0x0000007019d00000,0x0000007019e00000] [id=25436]
  0x0000022ea5929800 ConcurrentGCThread "G1 Main Marker" [stack: 0x0000007019e00000,0x0000007019f00000] [id=20312]
  0x0000022ea592a800 ConcurrentGCThread "G1 Conc#0" [stack: 0x0000007019f00000,0x000000701a000000] [id=18164]

[error occurred during error reporting (printing all threads), id 0xc0000005, EXCEPTION_ACCESS_VIOLATION (0xc0000005) at pc=0x00007ffec7333ef7]

VM state:not at safepoint (not fully initialized)

VM Mutex/Monitor currently owned by a thread:  ([mutex/lock_event])
[0x0000022ea58923e0] Heap_lock - owner thread: 0x0000022ea5896800

Heap address: 0x0000000600e00000, size: 8178 MB, Compressed Oops mode: Non-zero based: 0x0000000600e00000
Narrow klass base: 0x0000000000000000, Narrow klass shift: 0

GC Heap History (0 events):
No events

Deoptimization events (0 events):
No events

Classes redefined (0 events):
No events

Internal exceptions (0 events):
No events

Events (1 events):
Event: 0.006 Loaded shared library C:\Program Files\Unity\Hub\Editor\2022.3.23f1\Editor\Data\PlaybackEngines\AndroidPlayer\OpenJDK\bin\zip.dll


Dynamic libraries:
0x00007ff6e1760000 - 0x00007ff6e176d000 	C:\Program Files\Unity\Hub\Editor\2022.3.23f1\Editor\Data\PlaybackEngines\AndroidPlayer\OpenJDK\bin\java.exe
0x00007fff672d0000 - 0x00007fff674c5000 	C:\WINDOWS\SYSTEM32\ntdll.dll
0x00007fff66860000 - 0x00007fff6691d000 	C:\WINDOWS\System32\KERNEL32.DLL
0x00007fff64fa0000 - 0x00007fff6526d000 	C:\WINDOWS\System32\KERNELBASE.dll
0x00007fff64d40000 - 0x00007fff64e40000 	C:\WINDOWS\System32\ucrtbase.dll
0x00007ffed7000000 - 0x00007ffed7017000 	C:\Program Files\Unity\Hub\Editor\2022.3.23f1\Editor\Data\PlaybackEngines\AndroidPlayer\OpenJDK\bin\jli.dll
0x00007ffed6fe0000 - 0x00007ffed6ff5000 	C:\Program Files\Unity\Hub\Editor\2022.3.23f1\Editor\Data\PlaybackEngines\AndroidPlayer\OpenJDK\bin\VCRUNTIME140.dll
0x00007fff66610000 - 0x00007fff667b0000 	C:\WINDOWS\System32\USER32.dll
0x00007fff64a80000 - 0x00007fff64aa2000 	C:\WINDOWS\System32\win32u.dll
0x00007fff5a920000 - 0x00007fff5abba000 	C:\WINDOWS\WinSxS\amd64_microsoft.windows.common-controls_6595b64144ccf1df_6.0.19041.1110_none_60b5254171f9507e\COMCTL32.dll
0x00007fff65ee0000 - 0x00007fff65f0a000 	C:\WINDOWS\System32\GDI32.dll
0x00007fff653f0000 - 0x00007fff6548e000 	C:\WINDOWS\System32\msvcrt.dll
0x00007fff64e40000 - 0x00007fff64f4b000 	C:\WINDOWS\System32\gdi32full.dll
0x00007fff64ab0000 - 0x00007fff64b4d000 	C:\WINDOWS\System32\msvcp_win.dll
0x00007fff66930000 - 0x00007fff66960000 	C:\WINDOWS\System32\IMM32.DLL
0x00007ffecd400000 - 0x00007ffecd49b000 	C:\Program Files\Unity\Hub\Editor\2022.3.23f1\Editor\Data\PlaybackEngines\AndroidPlayer\OpenJDK\bin\msvcp140.dll
0x00007ffec7040000 - 0x00007ffec7bc1000 	C:\Program Files\Unity\Hub\Editor\2022.3.23f1\Editor\Data\PlaybackEngines\AndroidPlayer\OpenJDK\bin\server\jvm.dll
0x00007fff661f0000 - 0x00007fff6629e000 	C:\WINDOWS\System32\ADVAPI32.dll
0x00007fff65c20000 - 0x00007fff65cbc000 	C:\WINDOWS\System32\sechost.dll
0x00007fff670b0000 - 0x00007fff671d5000 	C:\WINDOWS\System32\RPCRT4.dll
0x00007fff65e70000 - 0x00007fff65e78000 	C:\WINDOWS\System32\PSAPI.DLL
0x00007fff53f10000 - 0x00007fff53f19000 	C:\WINDOWS\SYSTEM32\WSOCK32.dll
0x00007fff5c0a0000 - 0x00007fff5c0c7000 	C:\WINDOWS\SYSTEM32\WINMM.dll
0x00007fff5e1a0000 - 0x00007fff5e1aa000 	C:\WINDOWS\SYSTEM32\VERSION.dll
0x00007fff66180000 - 0x00007fff661eb000 	C:\WINDOWS\System32\WS2_32.dll
0x00007fff632c0000 - 0x00007fff632d2000 	C:\WINDOWS\SYSTEM32\kernel.appcore.dll
0x00007ffed6fd0000 - 0x00007ffed6fe0000 	C:\Program Files\Unity\Hub\Editor\2022.3.23f1\Editor\Data\PlaybackEngines\AndroidPlayer\OpenJDK\bin\verify.dll
0x00007fff628d0000 - 0x00007fff62ab4000 	C:\WINDOWS\SYSTEM32\DBGHELP.DLL
0x00007fff49e20000 - 0x00007fff49e4c000 	C:\WINDOWS\SYSTEM32\dbgcore.DLL
0x00007fff64cb0000 - 0x00007fff64d32000 	C:\WINDOWS\System32\bcryptPrimitives.dll
0x00007ffed6fa0000 - 0x00007ffed6fc8000 	C:\Program Files\Unity\Hub\Editor\2022.3.23f1\Editor\Data\PlaybackEngines\AndroidPlayer\OpenJDK\bin\java.dll
0x00007ffed6f90000 - 0x00007ffed6f9a000 	C:\Program Files\Unity\Hub\Editor\2022.3.23f1\Editor\Data\PlaybackEngines\AndroidPlayer\OpenJDK\bin\jimage.dll
0x00007ffed6f70000 - 0x00007ffed6f88000 	C:\Program Files\Unity\Hub\Editor\2022.3.23f1\Editor\Data\PlaybackEngines\AndroidPlayer\OpenJDK\bin\zip.dll

dbghelp: loaded successfully - version: 4.0.5 - missing functions: none
symbol engine: initialized successfully - sym options: 0x614 - pdb path: .;C:\Program Files\Unity\Hub\Editor\2022.3.23f1\Editor\Data\PlaybackEngines\AndroidPlayer\OpenJDK\bin;C:\WINDOWS\SYSTEM32;C:\WINDOWS\WinSxS\amd64_microsoft.windows.common-controls_6595b64144ccf1df_6.0.19041.1110_none_60b5254171f9507e;C:\Program Files\Unity\Hub\Editor\2022.3.23f1\Editor\Data\PlaybackEngines\AndroidPlayer\OpenJDK\bin\server

VM Arguments:
jvm_args: -Dfile.encoding=UTF-8 
java_command: <unknown>
java_class_path (initial): <not set>
Launcher Type: SUN_STANDARD

[Global flags]
     intx CICompilerCount                          = 4                                         {product} {ergonomic}
     uint ConcGCThreads                            = 3                                         {product} {ergonomic}
     uint G1ConcRefinementThreads                  = 10                                        {product} {ergonomic}
   size_t G1HeapRegionSize                         = 2097152                                   {product} {ergonomic}
    uintx GCDrainStackTargetSize                   = 64                                        {product} {ergonomic}
   size_t InitialHeapSize                          = 536870912                                 {product} {ergonomic}
   size_t MarkStackSize                            = 4194304                                   {product} {ergonomic}
   size_t MaxHeapSize                              = 8575254528                                {product} {ergonomic}
   size_t MinHeapDeltaBytes                        = 2097152                                   {product} {ergonomic}
    uintx NonNMethodCodeHeapSize                   = 5836300                                {pd product} {ergonomic}
    uintx NonProfiledCodeHeapSize                  = 122910970                              {pd product} {ergonomic}
    uintx ProfiledCodeHeapSize                     = 122910970                              {pd product} {ergonomic}
    uintx ReservedCodeCacheSize                    = 251658240                              {pd product} {ergonomic}
     bool SegmentedCodeCache                       = true                                      {product} {ergonomic}
     bool UseCompressedClassPointers               = true                                 {lp64_product} {ergonomic}
     bool UseCompressedOops                        = true                                 {lp64_product} {ergonomic}
     bool UseG1GC                                  = true                                      {product} {ergonomic}
     bool UseLargePagesIndividualAllocation        = false                                  {pd product} {ergonomic}

Logging:
Log output configuration:
 #0: stdout all=warning uptime,level,tags
 #1: stderr all=off uptime,level,tags

Environment Variables:
JAVA_HOME=C:\Program Files\Unity\Hub\Editor\2022.3.23f1\Editor\Data\PlaybackEngines\AndroidPlayer\OpenJDK
JAVA_TOOL_OPTIONS=-Dfile.encoding=UTF-8
PATH=C:\Program Files (x86)\Common Files\Oracle\Java\javapath;C:\Program Files (x86)\Common Files\Intel\Shared Libraries\redist\ia32\compiler;C:\Program Files (x86)\Common Files\Intel\Shared Libraries\redist\intel64\compiler;C:\Program Files (x86)\Common Files\Intel\Shared Files\cpp\bin\Intel64;C:\ProgramData\Oracle\Java\javapath;C:\Windows\system32;C:\Windows;C:\Windows\System32\Wbem;C:\Windows\System32\WindowsPowerShell\v1.0\;C:\WINDOWS\system32;C:\WINDOWS;C:\WINDOWS\System32\Wbem;C:\WINDOWS\System32\WindowsPowerShell\v1.0\;C:\Program Files (x86)\Common Files\Acronis\SnapAPI\;C:\Program Files\Microsoft SQL Server\110\Tools\Binn\;C:\WINDOWS\System32\OpenSSH\;C:\Program Files\NVIDIA Corporation\NVIDIA NvDLISR;C:\Program Files (x86)\PuTTY\;C:\Program Files (x86)\Windows Kits\10\Windows Performance Toolkit\;C:\WINDOWS\system32;C:\WINDOWS;C:\WINDOWS\System32\Wbem;C:\WINDOWS\System32\WindowsPowerShell\v1.0\;C:\WINDOWS\System32\OpenSSH\;C:\Program Files\Microsoft SQL Server\130\Tools\Binn\;C:\Program Files\dotnet\;C:\Program Files\Microsoft SQL Server\150\Tools\Binn\;C:\Program Files\Microsoft SQL Server\Client SDK\ODBC\170\Tools\Binn\;C:\Program Files (x86)\GtkSharp\2.12\bin;C:\Users\StratoCat\AppData\Local\GitHubDesktop\app-3.0.5\resources\app\git\cmd;C:\Program Files (x86)\QuickTime\QTSystem\;D:\NINTENDO\NINTENDO VIDEO CONVERTER\bin;C:\Program Files (x86)\NVIDIA Corporation\PhysX\Common;C:\Program Files\PowerShell\7\;C:\Users\StratoCat\AppData\Local\Microsoft\WindowsApps;C:\Users\StratoCat\.dotnet\tools;C:\Users\StratoCat\AppData\Local\GitHubDesktop\bin
USERNAME=StratoCat
OS=Windows_NT
PROCESSOR_IDENTIFIER=Intel64 Family 6 Model 45 Stepping 7, GenuineIntel



---------------  S Y S T E M  ---------------

OS: Windows 10 , 64 bit Build 19041 (10.0.19041.1706)
OS uptime: 0 days 2:16 hours

CPU:total 12 (initial active 12) (6 cores per cpu, 2 threads per core) family 6 model 45 stepping 7 microcode 0x714, cmov, cx8, fxsr, mmx, sse, sse2, sse3, ssse3, sse4.1, sse4.2, popcnt, avx, aes, clmul, ht, tsc, tscinvbit, tscinv

Memory: 4k page, system-wide physical 32708M (7600M free)
TotalPageFile size 32708M (AvailPageFile size 332M)
current process WorkingSet (physical memory assigned to process): 10M, peak: 10M
current process commit charge ("private bytes"): 65M, peak: 576M

vm_info: OpenJDK 64-Bit Server VM (11.0.14.1+1) for windows-amd64 JRE (11.0.14.1+1), built on Feb  9 2022 01:48:27 by "" with unknown MS VC++:1916

END.
